[13:54:49.252] Running build in Washington, D.C., USA (East) – iad1
[13:54:49.260] Build machine configuration: 2 cores, 8 GB
[13:54:49.322] Cloning github.com/hueleev/sacha-app (Branch: master, Commit: a9a69ba)
[13:54:49.712] Previous build caches not available
[13:54:50.500] Cloning completed: 1.178s
[13:54:52.751] Running "vercel build"
[13:54:53.237] Vercel CLI 44.6.4
[13:54:53.412] > Detected Turbo. Adjusting default settings...
[13:54:53.539] Detected `pnpm-lock.yaml` 9 which may be generated by pnpm@9.x or pnpm@10.x
[13:54:53.540] Using pnpm@10.x based on project creation date
[13:54:53.540] To use pnpm@9.x, manually opt in using corepack (https://vercel.com/docs/deployments/configure-a-build#corepack)
[13:54:53.545] Running "install" command: `pnpm install`...
[13:54:56.030] Scope: all 6 workspace projects
[13:54:56.294] ../..                                    | Progress: resolved 1, reused 0, downloaded 0, added 0
[13:54:56.439] ../..                                    |    +1076 ++++++++++++++++++++++++++++
[13:54:57.298] ../..                                    | Progress: resolved 1076, reused 0, downloaded 34, added 37
[13:54:58.306] ../..                                    | Progress: resolved 1076, reused 0, downloaded 104, added 118
[13:54:59.307] ../..                                    | Progress: resolved 1076, reused 0, downloaded 116, added 148
[13:55:00.584] ../..                                    | Progress: resolved 1076, reused 0, downloaded 117, added 148
[13:55:01.585] ../..                                    | Progress: resolved 1076, reused 0, downloaded 119, added 148
[13:55:02.587] ../..                                    | Progress: resolved 1076, reused 0, downloaded 120, added 148
[13:55:03.588] ../..                                    | Progress: resolved 1076, reused 0, downloaded 125, added 153
[13:55:04.589] ../..                                    | Progress: resolved 1076, reused 0, downloaded 132, added 162
[13:55:05.590] ../..                                    | Progress: resolved 1076, reused 0, downloaded 134, added 165
[13:55:06.591] ../..                                    | Progress: resolved 1076, reused 0, downloaded 148, added 178
[13:55:07.595] ../..                                    | Progress: resolved 1076, reused 0, downloaded 165, added 195
[13:55:08.596] ../..                                    | Progress: resolved 1076, reused 0, downloaded 220, added 253
[13:55:09.598] ../..                                    | Progress: resolved 1076, reused 0, downloaded 253, added 290
[13:55:10.599] ../..                                    | Progress: resolved 1076, reused 0, downloaded 259, added 292
[13:55:11.599] ../..                                    | Progress: resolved 1076, reused 0, downloaded 261, added 292
[13:55:12.601] ../..                                    | Progress: resolved 1076, reused 0, downloaded 271, added 302
[13:55:13.601] ../..                                    | Progress: resolved 1076, reused 0, downloaded 275, added 309
[13:55:14.601] ../..                                    | Progress: resolved 1076, reused 0, downloaded 324, added 358
[13:55:15.603] ../..                                    | Progress: resolved 1076, reused 0, downloaded 464, added 506
[13:55:16.606] ../..                                    | Progress: resolved 1076, reused 0, downloaded 514, added 553
[13:55:17.608] ../..                                    | Progress: resolved 1076, reused 0, downloaded 588, added 629
[13:55:18.612] ../..                                    | Progress: resolved 1076, reused 0, downloaded 648, added 684
[13:55:19.608] ../..                                    | Progress: resolved 1076, reused 0, downloaded 738, added 775
[13:55:20.610] ../..                                    | Progress: resolved 1076, reused 0, downloaded 836, added 879
[13:55:21.610] ../..                                    | Progress: resolved 1076, reused 0, downloaded 872, added 908
[13:55:22.611] ../..                                    | Progress: resolved 1076, reused 0, downloaded 933, added 975
[13:55:23.611] ../..                                    | Progress: resolved 1076, reused 0, downloaded 982, added 1021
[13:55:24.611] ../..                                    | Progress: resolved 1076, reused 0, downloaded 992, added 1035
[13:55:25.611] ../..                                    | Progress: resolved 1076, reused 0, downloaded 1012, added 1051
[13:55:26.430] ../..                                    | Progress: resolved 1076, reused 0, downloaded 1021, added 1076, done
[13:55:27.164] 
[13:55:27.164] dependencies:
[13:55:27.165] + @hookform/resolvers 3.10.0
[13:55:27.165] + @radix-ui/react-accordion 1.2.2
[13:55:27.165] + @radix-ui/react-alert-dialog 1.1.4
[13:55:27.165] + @radix-ui/react-aspect-ratio 1.1.1
[13:55:27.165] + @radix-ui/react-avatar 1.1.2
[13:55:27.166] + @radix-ui/react-checkbox 1.1.3
[13:55:27.166] + @radix-ui/react-collapsible 1.1.2
[13:55:27.166] + @radix-ui/react-context-menu 2.2.4
[13:55:27.166] + @radix-ui/react-dialog 1.1.4
[13:55:27.166] + @radix-ui/react-dropdown-menu 2.1.4
[13:55:27.167] + @radix-ui/react-hover-card 1.1.4
[13:55:27.167] + @radix-ui/react-label 2.1.1
[13:55:27.167] + @radix-ui/react-menubar 1.1.4
[13:55:27.167] + @radix-ui/react-navigation-menu 1.2.3
[13:55:27.167] + @radix-ui/react-popover 1.1.4
[13:55:27.167] + @radix-ui/react-progress 1.1.1
[13:55:27.167] + @radix-ui/react-radio-group 1.2.2
[13:55:27.167] + @radix-ui/react-scroll-area 1.2.2
[13:55:27.167] + @radix-ui/react-select 2.1.4
[13:55:27.167] + @radix-ui/react-separator 1.1.1
[13:55:27.167] + @radix-ui/react-slider 1.2.2
[13:55:27.167] + @radix-ui/react-slot 1.1.1
[13:55:27.167] + @radix-ui/react-switch 1.1.2
[13:55:27.167] + @radix-ui/react-tabs 1.1.2
[13:55:27.168] + @radix-ui/react-toast 1.2.4
[13:55:27.168] + @radix-ui/react-toggle 1.1.1
[13:55:27.168] + @radix-ui/react-toggle-group 1.1.1
[13:55:27.168] + @radix-ui/react-tooltip 1.1.6
[13:55:27.168] + @workspace/ui 0.0.0 <- ../../packages/ui
[13:55:27.168] + autoprefixer 10.4.21
[13:55:27.168] + class-variance-authority 0.7.1
[13:55:27.168] + clsx 2.1.1
[13:55:27.168] + cmdk 1.0.4
[13:55:27.168] + date-fns 4.1.0
[13:55:27.168] + embla-carousel-react 8.5.1
[13:55:27.168] + geist 1.4.2
[13:55:27.168] + input-otp 1.4.1
[13:55:27.169] + lucide-react 0.454.0
[13:55:27.169] + next 15.2.4
[13:55:27.169] + next-themes 0.4.6
[13:55:27.169] + react 19.1.0
[13:55:27.169] + react-day-picker 9.8.0
[13:55:27.169] + react-dom 19.1.0
[13:55:27.169] + react-hook-form 7.62.0
[13:55:27.169] + react-resizable-panels 2.1.9
[13:55:27.169] + recharts 2.15.4
[13:55:27.169] + sonner 1.7.4
[13:55:27.169] + tailwind-merge 2.6.0
[13:55:27.169] + tailwindcss-animate 1.0.7
[13:55:27.169] + vaul 0.9.9
[13:55:27.169] + zod 3.25.67
[13:55:27.169] 
[13:55:27.170] devDependencies:
[13:55:27.170] + @eslint/js 9.31.0
[13:55:27.170] + @tailwindcss/postcss 4.1.11
[13:55:27.170] + @types/node 22.16.4
[13:55:27.170] + @types/react 19.0.10
[13:55:27.170] + @types/react-dom 19.0.4
[13:55:27.170] + @workspace/eslint-config 0.0.0 <- ../../packages/eslint-config
[13:55:27.172] + @workspace/typescript-config 0.0.0 <- ../../packages/typescript-config
[13:55:27.172] + postcss 8.5.3
[13:55:27.172] + tailwindcss 4.1.11
[13:55:27.173] + tw-animate-css 1.3.3
[13:55:27.173] + typescript 5.7.3
[13:55:27.173] 
[13:55:27.173] ╭ Warning ─────────────────────────────────────────────────────────────────────╮│                                                                              ││   Ignored build scripts: @tailwindcss/oxide, core-js-pure, esbuild, sharp.   ││   Run "pnpm approve-builds" to pick which dependencies should be allowed     ││   to run scripts.                                                            ││                                                                              │╰──────────────────────────────────────────────────────────────────────────────╯
[13:55:27.175] 
[13:55:27.258] Done in 31.6s using pnpm v10.4.1
[13:55:27.294] Detected Next.js version: 15.2.4
[13:55:27.295] Running "turbo run build-taste"
[13:55:27.365] 
[13:55:27.373] Attention:
[13:55:27.373] Turborepo now collects completely anonymous telemetry regarding usage.
[13:55:27.373] This information is used to shape the Turborepo roadmap and prioritize features.
[13:55:27.373] You can learn more, including how to opt-out if you'd not like to participate in this anonymous program, by visiting the following URL:
[13:55:27.373] https://turbo.build/repo/docs/telemetry
[13:55:27.374] 
[13:55:27.425] • Packages in scope: taste-buds
[13:55:27.426] • Running build-taste in 1 packages
[13:55:27.426] • Remote caching enabled
[13:55:27.750] @workspace/ui:build-storybook: cache hit, replaying logs 78fbb8ca580ddaca
[13:55:27.751] @workspace/ui:build-storybook: 
[13:55:27.752] @workspace/ui:build-storybook: > @workspace/ui@0.0.0 build-storybook /vercel/path0/packages/ui
[13:55:27.754] @workspace/ui:build-storybook: > storybook build
[13:55:27.755] @workspace/ui:build-storybook: 
[13:55:27.755] @workspace/ui:build-storybook: [1m@storybook/core v8.6.12
[13:55:27.755] @workspace/ui:build-storybook: [22m
[13:55:27.755] @workspace/ui:build-storybook: info => Cleaning outputDir: [36mstorybook-static[39m
[13:55:27.755] @workspace/ui:build-storybook: info => Loading presets
[13:55:27.755] @workspace/ui:build-storybook: info => Building manager..
[13:55:27.755] @workspace/ui:build-storybook: info => Manager built ([38;2;181;126;229m410 ms[39m)
[13:55:27.755] @workspace/ui:build-storybook: info => Building preview..
[13:55:27.756] @workspace/ui:build-storybook: WARN No story files found for the specified pattern: [34msrc/**/*.mdx[39m
[13:55:27.756] @workspace/ui:build-storybook: info Using tsconfig paths for react-docgen
[13:55:27.756] @workspace/ui:build-storybook: [36mvite v6.3.5 [32mbuilding for production...[36m[39m
[13:55:27.756] @workspace/ui:build-storybook: transforming...
[13:55:27.756] @workspace/ui:build-storybook: [32m✓[39m 1061 modules transformed.
[13:55:27.756] @workspace/ui:build-storybook: [33m../../node_modules/.pnpm/@storybook+core@8.6.12_prettier@3.5.1_storybook@8.6.12_prettier@3.5.1_/node_modules/@storybook/core/dist/preview/runtime.js (3683:15): Use of eval in "../../node_modules/.pnpm/@storybook+core@8.6.12_prettier@3.5.1_storybook@8.6.12_prettier@3.5.1_/node_modules/@storybook/core/dist/preview/runtime.js" is strongly discouraged as it poses security risks and may cause issues with minification.[39m
[13:55:27.756] @workspace/ui:build-storybook: [33m../../node_modules/.pnpm/@storybook+core@8.6.12_prettier@3.5.1_storybook@8.6.12_prettier@3.5.1_/node_modules/@storybook/core/dist/preview/runtime.js (3685:16): Use of eval in "../../node_modules/.pnpm/@storybook+core@8.6.12_prettier@3.5.1_storybook@8.6.12_prettier@3.5.1_/node_modules/@storybook/core/dist/preview/runtime.js" is strongly discouraged as it poses security risks and may cause issues with minification.[39m
[13:55:27.757] @workspace/ui:build-storybook: rendering chunks...
[13:55:27.757] @workspace/ui:build-storybook: computing gzip size...
[13:55:27.757] @workspace/ui:build-storybook: [2mstorybook-static/[22m[2massets/[22m[32mmapcap-xLyq1ft2.jpg                             [39m[1m[2m  6.78 kB[22m[1m[22m
[13:55:27.757] @workspace/ui:build-storybook: [2mstorybook-static/[22m[2massets/[22m[32mthreeTone-CO1hT6T5.jpg                          [39m[1m[2m 11.04 kB[22m[1m[22m
[13:55:27.757] @workspace/ui:build-storybook: [2mstorybook-static/[22m[2massets/[22m[32mfiveTone-BIT_6UJv.jpg                           [39m[1m[2m 11.05 kB[22m[1m[22m
[13:55:27.757] @workspace/ui:build-storybook: [2mstorybook-static/[22m[32miframe.html                                            [39m[1m[2m 17.75 kB[22m[1m[22m[2m │ gzip:   5.00 kB[22m
[13:55:27.757] @workspace/ui:build-storybook: [2mstorybook-static/[22m[2massets/[22m[32mGlass_Window_002_opacity-eO_EunH-.jpg           [39m[1m[2m 36.41 kB[22m[1m[22m
[13:55:27.757] @workspace/ui:build-storybook: [2mstorybook-static/[22m[2massets/[22m[32mGlass_Window_002_metallic-B3cQr5Ur.jpg          [39m[1m[2m 36.43 kB[22m[1m[22m
[13:55:27.757] @workspace/ui:build-storybook: [2mstorybook-static/[22m[2massets/[22m[32mGlass_Window_002_height-MCjRBTjC.png            [39m[1m[2m 36.93 kB[22m[1m[22m
[13:55:27.757] @workspace/ui:build-storybook: [2mstorybook-static/[22m[2massets/[22m[32mGlass_Window_002_ambientOcclusion-BTXLBShI.jpg  [39m[1m[2m 88.68 kB[22m[1m[22m
[13:55:27.757] @workspace/ui:build-storybook: [2mstorybook-static/[22m[2massets/[22m[32mGlass_Window_002_roughness-D_kr-Vb3.jpg         [39m[1m[2m 95.49 kB[22m[1m[22m
[13:55:27.757] @workspace/ui:build-storybook: [2mstorybook-static/[22m[2massets/[22m[32mGlass_Window_002_basecolor-EzPDFBvM.jpg         [39m[1m[2m 96.20 kB[22m[1m[22m
[13:55:27.757] @workspace/ui:build-storybook: [2mstorybook-static/[22m[2massets/[22m[32mGlass_Window_002_normal-pUXna1I8.jpg            [39m[1m[2m118.84 kB[22m[1m[22m
[13:55:27.758] @workspace/ui:build-storybook: [2mstorybook-static/[22m[2massets/[22m[36mpreview-CIRcjyVj.js                             [39m[1m[2m  0.11 kB[22m[1m[22m[2m │ gzip:   0.11 kB[22m
[13:55:27.758] @workspace/ui:build-storybook: [2mstorybook-static/[22m[2massets/[22m[36mconstants-CRMtw-xI.js                           [39m[1m[2m  0.12 kB[22m[1m[22m[2m │ gzip:   0.13 kB[22m
[13:55:27.758] @workspace/ui:build-storybook: [2mstorybook-static/[22m[2massets/[22m[36mindex-tDvBmsoc.js                               [39m[1m[2m  0.13 kB[22m[1m[22m[2m │ gzip:   0.12 kB[22m
[13:55:27.758] @workspace/ui:build-storybook: [2mstorybook-static/[22m[2massets/[22m[36mpreview-Dyg8NwXV.js                             [39m[1m[2m  0.17 kB[22m[1m[22m[2m │ gzip:   0.16 kB[22m
[13:55:27.758] @workspace/ui:build-storybook: [2mstorybook-static/[22m[2massets/[22m[36mpreview-CvbIS5ZJ.js                             [39m[1m[2m  0.18 kB[22m[1m[22m[2m │ gzip:   0.16 kB[22m
[13:55:27.758] @workspace/ui:build-storybook: [2mstorybook-static/[22m[2massets/[22m[36mshaderMaterial-Crc8hc7X.js                      [39m[1m[2m  0.42 kB[22m[1m[22m[2m │ gzip:   0.29 kB[22m
[13:55:27.758] @workspace/ui:build-storybook: [2mstorybook-static/[22m[2massets/[22m[36mindex-CdGsxv5d.js                               [39m[1m[2m  0.42 kB[22m[1m[22m[2m │ gzip:   0.27 kB[22m
[13:55:27.758] @workspace/ui:build-storybook: [2mstorybook-static/[22m[2massets/[22m[36mMain-DMVYJViv.js                                [39m[1m[2m  0.45 kB[22m[1m[22m[2m │ gzip:   0.32 kB[22m
[13:55:27.758] @workspace/ui:build-storybook: [2mstorybook-static/[22m[2massets/[22m[36mTexture-pdI1Q8OD.js                             [39m[1m[2m  0.65 kB[22m[1m[22m[2m │ gzip:   0.41 kB[22m
[13:55:27.758] @workspace/ui:build-storybook: [2mstorybook-static/[22m[2massets/[22m[36mchunk-XP5HYGXS-BpfKkqn7.js                      [39m[1m[2m  0.71 kB[22m[1m[22m[2m │ gzip:   0.40 kB[22m
[13:55:27.758] @workspace/ui:build-storybook: [2mstorybook-static/[22m[2massets/[22m[36mpreview-DGUiP6tS.js                             [39m[1m[2m  0.71 kB[22m[1m[22m[2m │ gzip:   0.50 kB[22m
[13:55:27.758] @workspace/ui:build-storybook: [2mstorybook-static/[22m[2massets/[22m[36mjsx-runtime-D_zvdyIk.js                         [39m[1m[2m  0.73 kB[22m[1m[22m[2m │ gzip:   0.46 kB[22m
[13:55:27.758] @workspace/ui:build-storybook: [2mstorybook-static/[22m[2massets/[22m[36mindex-DrFu-skq.js                               [39m[1m[2m  0.77 kB[22m[1m[22m[2m │ gzip:   0.47 kB[22m
[13:55:27.758] @workspace/ui:build-storybook: [2mstorybook-static/[22m[2massets/[22m[36mreact-18-DP_9huDR.js                            [39m[1m[2m  0.80 kB[22m[1m[22m[2m │ gzip:   0.47 kB[22m
[13:55:27.758] @workspace/ui:build-storybook: [2mstorybook-static/[22m[2massets/[22m[36mtest-utils-DzIO0rsg.js                          [39m[1m[2m  1.12 kB[22m[1m[22m[2m │ gzip:   0.69 kB[22m
[13:55:27.759] @workspace/ui:build-storybook: [2mstorybook-static/[22m[2massets/[22m[36mpreview-CssMQDOW.js                             [39m[1m[2m  1.16 kB[22m[1m[22m[2m │ gzip:   0.64 kB[22m
[13:55:27.759] @workspace/ui:build-storybook: [2mstorybook-static/[22m[2massets/[22m[36mthreeBox.stories-h2MRFZvC.js                    [39m[1m[2m  2.80 kB[22m[1m[22m[2m │ gzip:   1.27 kB[22m
[13:55:27.759] @workspace/ui:build-storybook: [2mstorybook-static/[22m[2massets/[22m[36mBox.stories-eJ05200m.js                         [39m[1m[2m  3.19 kB[22m[1m[22m[2m │ gzip:   1.74 kB[22m
[13:55:27.759] @workspace/ui:build-storybook: [2mstorybook-static/[22m[2massets/[22m[36mIntroduction.stories-BA-ngM1l.js                [39m[1m[2m  3.23 kB[22m[1m[22m[2m │ gzip:   1.69 kB[22m
[13:55:27.759] @workspace/ui:build-storybook: [2mstorybook-static/[22m[2massets/[22m[36mSegments.stories-Cef40Ro7.js                    [39m[1m[2m  3.50 kB[22m[1m[22m[2m │ gzip:   1.30 kB[22m
[13:55:27.759] @workspace/ui:build-storybook: [2mstorybook-static/[22m[2massets/[22m[36mpreview-DD_OYowb.js                             [39m[1m[2m  3.51 kB[22m[1m[22m[2m │ gzip:   1.69 kB[22m
[13:55:27.759] @workspace/ui:build-storybook: [2mstorybook-static/[22m[2massets/[22m[36mWabble.stories-DRH3BXsu.js                      [39m[1m[2m  3.82 kB[22m[1m[22m[2m │ gzip:   1.84 kB[22m
[13:55:27.759] @workspace/ui:build-storybook: [2mstorybook-static/[22m[2massets/[22m[36mindex-BNqrtbQi.js                               [39m[1m[2m  3.99 kB[22m[1m[22m[2m │ gzip:   1.75 kB[22m
[13:55:27.759] @workspace/ui:build-storybook: [2mstorybook-static/[22m[2massets/[22m[36mMatCap.stories-DpSD8tSg.js                      [39m[1m[2m  4.39 kB[22m[1m[22m[2m │ gzip:   1.95 kB[22m
[13:55:27.759] @workspace/ui:build-storybook: [2mstorybook-static/[22m[2massets/[22m[36mShader.stories-Db7tRDe_.js                      [39m[1m[2m  4.71 kB[22m[1m[22m[2m │ gzip:   1.87 kB[22m
[13:55:27.759] @workspace/ui:build-storybook: [2mstorybook-static/[22m[2massets/[22m[36mGlass.stories-BHTgSnBr.js                       [39m[1m[2m  4.89 kB[22m[1m[22m[2m │ gzip:   2.05 kB[22m
[13:55:27.759] @workspace/ui:build-storybook: [2mstorybook-static/[22m[2massets/[22m[36mToon.stories-CvWv3U9W.js                        [39m[1m[2m  4.96 kB[22m[1m[22m[2m │ gzip:   2.10 kB[22m
[13:55:27.759] @workspace/ui:build-storybook: [2mstorybook-static/[22m[2massets/[22m[36mpreview-B8lJiyuQ.js                             [39m[1m[2m  5.06 kB[22m[1m[22m[2m │ gzip:   1.88 kB[22m
[13:55:27.759] @workspace/ui:build-storybook: [2mstorybook-static/[22m[2massets/[22m[36mpreview-BWzBA1C2.js                             [39m[1m[2m  7.62 kB[22m[1m[22m[2m │ gzip:   1.56 kB[22m
[13:55:27.759] @workspace/ui:build-storybook: [2mstorybook-static/[22m[2massets/[22m[36mpreview-BBWR9nbA.js                             [39m[1m[2m  8.12 kB[22m[1m[22m[2m │ gzip:   3.10 kB[22m
[13:55:27.759] @workspace/ui:build-storybook: [2mstorybook-static/[22m[2massets/[22m[36mindex-BCtMShv3.js                               [39m[1m[2m  8.29 kB[22m[1m[22m[2m │ gzip:   3.24 kB[22m
[13:55:27.759] @workspace/ui:build-storybook: [2mstorybook-static/[22m[2massets/[22m[36mTexture.stories-B1xicO6r.js                     [39m[1m[2m 12.68 kB[22m[1m[22m[2m │ gzip:   3.62 kB[22m
[13:55:27.760] @workspace/ui:build-storybook: [2mstorybook-static/[22m[2massets/[22m[36mLight.stories-CirDYooq.js                       [39m[1m[2m 15.22 kB[22m[1m[22m[2m │ gzip:   4.83 kB[22m
[13:55:27.760] @workspace/ui:build-storybook: [2mstorybook-static/[22m[2massets/[22m[36mOrbitControls-8KTdik8R.js                       [39m[1m[2m 15.77 kB[22m[1m[22m[2m │ gzip:   4.88 kB[22m
[13:55:27.760] @workspace/ui:build-storybook: [2mstorybook-static/[22m[2massets/[22m[36mReflector.stories-WFEhAYZo.js                   [39m[1m[2m 17.44 kB[22m[1m[22m[2m │ gzip:   5.56 kB[22m
[13:55:27.760] @workspace/ui:build-storybook: [2mstorybook-static/[22m[2massets/[22m[36mGlass2.stories-CsHLsGNM.js                      [39m[1m[2m 18.92 kB[22m[1m[22m[2m │ gzip:   6.05 kB[22m
[13:55:27.760] @workspace/ui:build-storybook: [2mstorybook-static/[22m[2massets/[22m[36mColor-YHDXOIA2-AnEKZ1P3.js                      [39m[1m[2m 29.37 kB[22m[1m[22m[2m │ gzip:  11.06 kB[22m
[13:55:27.760] @workspace/ui:build-storybook: [2mstorybook-static/[22m[2massets/[22m[36mentry-preview-Y-6lrfg4.js                       [39m[1m[2m 29.76 kB[22m[1m[22m[2m │ gzip:   9.53 kB[22m
[13:55:27.760] @workspace/ui:build-storybook: [2mstorybook-static/[22m[2massets/[22m[36mindex-CXQShRbs.js                               [39m[1m[2m 53.73 kB[22m[1m[22m[2m │ gzip:  15.55 kB[22m
[13:55:27.760] @workspace/ui:build-storybook: [2mstorybook-static/[22m[2massets/[22m[36mRefraction.stories-CdC0CiTQ.js                  [39m[1m[2m 66.84 kB[22m[1m[22m[2m │ gzip:  22.58 kB[22m
[13:55:27.760] @workspace/ui:build-storybook: [2mstorybook-static/[22m[2massets/[22m[36mclient-CDfmlNQm.js                              [39m[1m[2m172.42 kB[22m[1m[22m[2m │ gzip:  54.36 kB[22m
[13:55:27.760] @workspace/ui:build-storybook: [2mstorybook-static/[22m[2massets/[22m[36mleva.esm-B0VOzCfF.js                            [39m[1m[2m193.93 kB[22m[1m[22m[2m │ gzip:  65.90 kB[22m
[13:55:27.760] @workspace/ui:build-storybook: [2mstorybook-static/[22m[2massets/[22m[36miframe-B63K3K_P.js                              [39m[1m[2m214.41 kB[22m[1m[22m[2m │ gzip:  72.33 kB[22m
[13:55:27.760] @workspace/ui:build-storybook: [2mstorybook-static/[22m[2massets/[22m[36mentry-preview-docs-Q3FQ5Cun.js                  [39m[1m[2m247.07 kB[22m[1m[22m[2m │ gzip:  73.42 kB[22m
[13:55:27.760] @workspace/ui:build-storybook: [2mstorybook-static/[22m[2massets/[22m[36mindex-Domkg0jQ.js                               [39m[1m[33m662.13 kB[39m[22m[2m │ gzip: 156.67 kB[22m
[13:55:27.760] @workspace/ui:build-storybook: [33m
[13:55:27.760] @workspace/ui:build-storybook: (!) Some chunks are larger than 500 kB after minification. Consider:
[13:55:27.760] @workspace/ui:build-storybook: - Using dynamic import() to code-split the application
[13:55:27.760] @workspace/ui:build-storybook: [2mstorybook-static/[22m[2massets/[22m[36mreact-three-fiber.esm-CG62Aerm.js               [39m[1m[33m850.05 kB[39m[22m[2m │ gzip: 228.77 kB[22m
[13:55:27.760] @workspace/ui:build-storybook: [2mstorybook-static/[22m[2massets/[22m[36mDocsRenderer-CFRXHY34-BzG38gO1.js               [39m[1m[33m883.65 kB[39m[22m[2m │ gzip: 274.80 kB[22m
[13:55:27.760] @workspace/ui:build-storybook: - Use build.rollupOptions.output.manualChunks to improve chunking: https://rollupjs.org/configuration-options/#output-manualchunks
[13:55:27.760] @workspace/ui:build-storybook: - Adjust chunk size limit for this warning via build.chunkSizeWarningLimit.[39m
[13:55:27.760] @workspace/ui:build-storybook: [32m✓ built in 14.63s[39m
[13:55:27.760] @workspace/ui:build-storybook: info => Preview built ([38;2;181;126;229m16 s[39m)
[13:55:27.761] @workspace/ui:build-storybook: info => Output directory: /vercel/path0/packages/ui/storybook-static
[13:55:27.761] @workspace/ui:build-storybook: 
[13:55:27.761] @workspace/ui:build-storybook: [35m[1mattention[22m[39m => Storybook now collects completely anonymous telemetry regarding usage.
[13:55:27.761] @workspace/ui:build-storybook: This information is used to shape Storybook's roadmap and prioritize features.
[13:55:27.761] @workspace/ui:build-storybook: You can learn more, including how to opt-out if you'd not like to participate in this anonymous program, by visiting the following URL:
[13:55:27.761] @workspace/ui:build-storybook: [36mhttps://storybook.js.org/telemetry[39m
[13:55:27.761] @workspace/ui:build-storybook: 
[13:55:27.765] 
[13:55:27.765]   Tasks:    1 successful, 1 total
[13:55:27.765]  Cached:    1 cached, 1 total
[13:55:27.765]    Time:    381ms >>> FULL TURBO
[13:55:27.765] Summary:    /vercel/path0/.turbo/runs/30qz7yZPAtXFvKF2MeEFtHBNfEM.json
[13:55:27.765] 
[13:55:27.860] Error: The file "/vercel/path0/apps/taste-buds/.next/routes-manifest.json" couldn't be found. This is often caused by a misconfiguration in your project.
[13:55:27.860] Learn More: https://err.sh/vercel/vercel/now-next-routes-manifest
[13:55:30.844] Exiting build container